<?xml version="1.0" encoding="UTF-8"?>
<coverage generated="1664911191212" clover="3.2.0">
  <project timestamp="1664911191212" name="All files">
    <metrics statements="6" coveredstatements="6" conditionals="0" coveredconditionals="0" methods="3" coveredmethods="3" elements="9" coveredelements="9" complexity="0" loc="6" ncloc="6" packages="1" files="2" classes="2"/>
    <file name="Card.js" path="/Users/arturmleczko/Desktop/react/robotofriends-testing/src/components/Card.js">
      <metrics statements="2" coveredstatements="2" conditionals="0" coveredconditionals="0" methods="1" coveredmethods="1"/>
      <line num="3" count="2" type="stmt"/>
      <line num="4" count="1" type="stmt"/>
    </file>
    <file name="CardList.js" path="/Users/arturmleczko/Desktop/react/robotofriends-testing/src/components/CardList.js">
      <metrics statements="4" coveredstatements="4" conditionals="0" coveredconditionals="0" methods="2" coveredmethods="2"/>
      <line num="4" count="1" type="stmt"/>
      <line num="5" count="1" type="stmt"/>
      <line num="6" count="1" type="stmt"/>
      <line num="10" count="2" type="stmt"/>
    </file>
  </project>
</coverage>
